----------------------------------------------------------------------
Application : VNMConfig 5.0.2.1
Build       : 5.0.2.1@75b77906
Path        : E:\VNM Release\VNM Simulation\ui\Beta Version\VNMConfig\
CPU cores   : 20
OS version  : Windows 10 (Version 22H2, OS Build 19045.5737, 64-bit Edition)
Host        : I9-11900KF
Username    : HoanTV
Started     : 17-05-2025 13:16:33.814 
Debug mode  : On
----------------------------------------------------------------------
----------------------------------------------------------------------
Application : VNMConfig 5.0.2.1
Build       : 5.0.2.1@75b77906
Path        : E:\VNM Release\VNM Simulation\ui\Beta Version\VNMConfig\
CPU cores   : 20
OS version  : Windows 10 (Version 22H2, OS Build 19045.5854, 64-bit Edition)
Host        : I9-11900KF
Username    : HoanTV
Started     : 17-05-2025 13:22:17.268 
Debug mode  : On
----------------------------------------------------------------------
